C:\Program Files (x86)\Microsoft Visual Studio\2017\Community\Common7\IDE\VC\VCTargets\Microsoft.CppBuild.targets(391,5): warning MSB8028: The intermediate directory (x64\Release\) contains files shared from another project (Project9.vcxproj).  This can lead to incorrect clean and rebuild behavior.
  main.cpp
c:\users\ed\documents\github\ray-tracing\perlin.h(62): warning C4244: 'initializing': conversion from 'float' to 'int', possible loss of data
c:\users\ed\documents\github\ray-tracing\perlin.h(63): warning C4244: 'initializing': conversion from 'float' to 'int', possible loss of data
c:\users\ed\documents\github\ray-tracing\perlin.h(64): warning C4244: 'initializing': conversion from 'float' to 'int', possible loss of data
c:\users\ed\documents\github\ray-tracing\perlin.h(93): warning C4244: 'argument': conversion from 'double' to 'float', possible loss of data
c:\users\ed\documents\github\ray-tracing\texture.h(85): warning C4244: 'initializing': conversion from 'double' to 'float', possible loss of data
c:\users\ed\documents\github\ray-tracing\material.h(20): warning C4244: 'initializing': conversion from 'double' to 'float', possible loss of data
c:\users\ed\documents\github\ray-tracing\material.h(147): warning C4244: '=': conversion from 'double' to 'float', possible loss of data
c:\users\ed\documents\github\ray-tracing\hitable_list.h(40): warning C4244: 'argument': conversion from 'double' to 'float', possible loss of data
c:\users\ed\documents\github\ray-tracing\aarect.h(12): warning C4244: 'argument': conversion from 'double' to 'float', possible loss of data
c:\users\ed\documents\github\ray-tracing\aarect.h(25): warning C4244: 'argument': conversion from 'double' to 'float', possible loss of data
c:\users\ed\documents\github\ray-tracing\aarect.h(38): warning C4244: 'argument': conversion from 'double' to 'float', possible loss of data
c:\users\ed\documents\github\ray-tracing\stb_image.h(964): warning C4312: 'type cast': conversion from 'int' to 'unsigned char *' of greater size
c:\users\ed\documents\github\ray-tracing\stb_image.h(1033): warning C4312: 'type cast': conversion from 'int' to 'unsigned char *' of greater size
c:\users\ed\documents\github\ray-tracing\stb_image.h(1082): warning C4312: 'type cast': conversion from 'int' to 'float *' of greater size
c:\users\ed\documents\github\ray-tracing\stb_image.h(1104): warning C4312: 'type cast': conversion from 'int' to 'float *' of greater size
c:\users\ed\documents\github\ray-tracing\stb_image.h(1330): warning C4312: 'type cast': conversion from 'int' to 'unsigned char *' of greater size
c:\users\ed\documents\github\ray-tracing\stb_image.h(1368): warning C4312: 'type cast': conversion from 'int' to 'float *' of greater size
c:\users\ed\documents\github\ray-tracing\stb_image.h(1388): warning C4312: 'type cast': conversion from 'int' to 'unsigned char *' of greater size
c:\users\ed\documents\github\ray-tracing\stb_image.h(3297): warning C4312: 'type cast': conversion from 'int' to 'unsigned char *' of greater size
c:\users\ed\documents\github\ray-tracing\stb_image.h(3325): warning C4312: 'type cast': conversion from 'int' to 'unsigned char *' of greater size
c:\users\ed\documents\github\ray-tracing\stb_image.h(3343): warning C4312: 'type cast': conversion from 'int' to 'unsigned char *' of greater size
c:\users\ed\documents\github\ray-tracing\stb_image.h(4457): warning C4312: 'type cast': conversion from 'int' to 'unsigned char *' of greater size
c:\users\ed\documents\github\ray-tracing\stb_image.h(4585): warning C4312: 'type cast': conversion from 'int' to 'unsigned char *' of greater size
c:\users\ed\documents\github\ray-tracing\stb_image.h(4591): warning C4312: 'type cast': conversion from 'int' to 'unsigned char *' of greater size
c:\users\ed\documents\github\ray-tracing\stb_image.h(4599): warning C4312: 'type cast': conversion from 'int' to 'unsigned char *' of greater size
c:\users\ed\documents\github\ray-tracing\stb_image.h(4601): warning C4312: 'type cast': conversion from 'int' to 'unsigned char *' of greater size
c:\users\ed\documents\github\ray-tracing\stb_image.h(4609): warning C4312: 'type cast': conversion from 'int' to 'unsigned char *' of greater size
c:\users\ed\documents\github\ray-tracing\stb_image.h(4644): warning C4312: 'type cast': conversion from 'int' to 'unsigned char *' of greater size
c:\users\ed\documents\github\ray-tracing\stb_image.h(4647): warning C4312: 'type cast': conversion from 'int' to 'unsigned char *' of greater size
c:\users\ed\documents\github\ray-tracing\stb_image.h(4674): warning C4312: 'type cast': conversion from 'int' to 'unsigned char *' of greater size
c:\users\ed\documents\github\ray-tracing\stb_image.h(4677): warning C4312: 'type cast': conversion from 'int' to 'unsigned char *' of greater size
c:\users\ed\documents\github\ray-tracing\stb_image.h(4688): warning C4312: 'type cast': conversion from 'int' to 'unsigned char *' of greater size
c:\users\ed\documents\github\ray-tracing\stb_image.h(4726): warning C4312: 'type cast': conversion from 'int' to 'unsigned char *' of greater size
c:\users\ed\documents\github\ray-tracing\stb_image.h(4904): warning C4312: 'type cast': conversion from 'int' to 'unsigned char *' of greater size
c:\users\ed\documents\github\ray-tracing\stb_image.h(4925): warning C4312: 'type cast': conversion from 'int' to 'unsigned char *' of greater size
c:\users\ed\documents\github\ray-tracing\stb_image.h(4930): warning C4312: 'type cast': conversion from 'int' to 'unsigned char *' of greater size
c:\users\ed\documents\github\ray-tracing\stb_image.h(5062): warning C4312: 'type cast': conversion from 'int' to 'unsigned char *' of greater size
c:\users\ed\documents\github\ray-tracing\stb_image.h(5066): warning C4312: 'type cast': conversion from 'int' to 'unsigned char *' of greater size
c:\users\ed\documents\github\ray-tracing\stb_image.h(5074): warning C4312: 'type cast': conversion from 'int' to 'unsigned char *' of greater size
c:\users\ed\documents\github\ray-tracing\stb_image.h(5082): warning C4312: 'type cast': conversion from 'int' to 'unsigned char *' of greater size
c:\users\ed\documents\github\ray-tracing\stb_image.h(5095): warning C4312: 'type cast': conversion from 'int' to 'unsigned char *' of greater size
c:\users\ed\documents\github\ray-tracing\stb_image.h(5112): warning C4312: 'type cast': conversion from 'int' to 'unsigned char *' of greater size
c:\users\ed\documents\github\ray-tracing\stb_image.h(5116): warning C4312: 'type cast': conversion from 'int' to 'unsigned char *' of greater size
c:\users\ed\documents\github\ray-tracing\stb_image.h(5258): warning C4312: 'type cast': conversion from 'int' to 'unsigned char *' of greater size
c:\users\ed\documents\github\ray-tracing\stb_image.h(5286): warning C4312: 'type cast': conversion from 'int' to 'unsigned char *' of greater size
c:\users\ed\documents\github\ray-tracing\stb_image.h(5297): warning C4312: 'type cast': conversion from 'int' to 'unsigned char *' of greater size
c:\users\ed\documents\github\ray-tracing\stb_image.h(5298): warning C4312: 'type cast': conversion from 'int' to 'unsigned char *' of greater size
c:\users\ed\documents\github\ray-tracing\stb_image.h(5312): warning C4312: 'type cast': conversion from 'int' to 'unsigned char *' of greater size
c:\users\ed\documents\github\ray-tracing\stb_image.h(5331): warning C4312: 'type cast': conversion from 'int' to 'unsigned char *' of greater size
c:\users\ed\documents\github\ray-tracing\stb_image.h(5349): warning C4312: 'type cast': conversion from 'int' to 'unsigned char *' of greater size
c:\users\ed\documents\github\ray-tracing\stb_image.h(5360): warning C4312: 'type cast': conversion from 'int' to 'unsigned char *' of greater size
c:\users\ed\documents\github\ray-tracing\stb_image.h(5369): warning C4312: 'type cast': conversion from 'int' to 'unsigned char *' of greater size
c:\users\ed\documents\github\ray-tracing\stb_image.h(5396): warning C4312: 'type cast': conversion from 'int' to 'unsigned char *' of greater size
c:\users\ed\documents\github\ray-tracing\stb_image.h(5397): warning C4312: 'type cast': conversion from 'int' to 'unsigned char *' of greater size
c:\users\ed\documents\github\ray-tracing\stb_image.h(5611): warning C4312: 'type cast': conversion from 'int' to 'unsigned char *' of greater size
c:\users\ed\documents\github\ray-tracing\stb_image.h(5615): warning C4312: 'type cast': conversion from 'int' to 'unsigned char *' of greater size
c:\users\ed\documents\github\ray-tracing\stb_image.h(5620): warning C4312: 'type cast': conversion from 'int' to 'unsigned char *' of greater size
c:\users\ed\documents\github\ray-tracing\stb_image.h(5631): warning C4312: 'type cast': conversion from 'int' to 'unsigned char *' of greater size
c:\users\ed\documents\github\ray-tracing\stb_image.h(5660): warning C4312: 'type cast': conversion from 'int' to 'unsigned char *' of greater size
c:\users\ed\documents\github\ray-tracing\stb_image.h(5667): warning C4312: 'type cast': conversion from 'int' to 'unsigned char *' of greater size
c:\users\ed\documents\github\ray-tracing\stb_image.h(5684): warning C4312: 'type cast': conversion from 'int' to 'unsigned char *' of greater size
c:\users\ed\documents\github\ray-tracing\stb_image.h(5714): warning C4312: 'type cast': conversion from 'int' to 'unsigned char *' of greater size
c:\users\ed\documents\github\ray-tracing\stb_image.h(5747): warning C4312: 'type cast': conversion from 'int' to 'unsigned char *' of greater size
c:\users\ed\documents\github\ray-tracing\stb_image.h(5860): warning C4312: 'type cast': conversion from 'int' to 'float *' of greater size
c:\users\ed\documents\github\ray-tracing\stb_image.h(5869): warning C4312: 'type cast': conversion from 'int' to 'float *' of greater size
c:\users\ed\documents\github\ray-tracing\stb_image.h(5874): warning C4312: 'type cast': conversion from 'int' to 'float *' of greater size
c:\users\ed\documents\github\ray-tracing\stb_image.h(5878): warning C4312: 'type cast': conversion from 'int' to 'float *' of greater size
c:\users\ed\documents\github\ray-tracing\stb_image.h(5927): warning C4312: 'type cast': conversion from 'int' to 'float *' of greater size
c:\users\ed\documents\github\ray-tracing\stb_image.h(6142): warning C4312: 'type cast': conversion from 'int' to 'unsigned char *' of greater size
c:\users\ed\documents\github\ray-tracing\main.cpp(38): warning C4244: 'argument': conversion from 'double' to 'float', possible loss of data
c:\users\ed\documents\github\ray-tracing\main.cpp(39): warning C4305: 'argument': truncation from 'double' to 'float'
c:\users\ed\documents\github\ray-tracing\main.cpp(41): warning C4244: 'argument': conversion from 'double' to 'float', possible loss of data
c:\users\ed\documents\github\ray-tracing\main.cpp(47): warning C4244: 'argument': conversion from 'double' to 'float', possible loss of data
c:\users\ed\documents\github\ray-tracing\main.cpp(58): warning C4305: 'argument': truncation from 'double' to 'float'
c:\users\ed\documents\github\ray-tracing\main.cpp(67): warning C4305: 'argument': truncation from 'double' to 'float'
c:\users\ed\documents\github\ray-tracing\main.cpp(68): warning C4305: 'argument': truncation from 'double' to 'float'
c:\users\ed\documents\github\ray-tracing\main.cpp(74): warning C4305: 'argument': truncation from 'double' to 'float'
c:\users\ed\documents\github\ray-tracing\main.cpp(76): warning C4305: 'argument': truncation from 'double' to 'float'
c:\users\ed\documents\github\ray-tracing\main.cpp(110): warning C4305: 'argument': truncation from 'double' to 'float'
c:\users\ed\documents\github\ray-tracing\main.cpp(142): warning C4305: 'argument': truncation from 'double' to 'float'
c:\users\ed\documents\github\ray-tracing\main.cpp(151): warning C4305: 'argument': truncation from 'double' to 'float'
c:\users\ed\documents\github\ray-tracing\main.cpp(161): warning C4305: 'argument': truncation from 'double' to 'float'
c:\users\ed\documents\github\ray-tracing\main.cpp(162): warning C4305: 'argument': truncation from 'double' to 'float'
c:\users\ed\documents\github\ray-tracing\main.cpp(163): warning C4305: 'argument': truncation from 'double' to 'float'
c:\users\ed\documents\github\ray-tracing\main.cpp(189): warning C4305: 'argument': truncation from 'double' to 'float'
c:\users\ed\documents\github\ray-tracing\main.cpp(190): warning C4305: 'argument': truncation from 'double' to 'float'
c:\users\ed\documents\github\ray-tracing\main.cpp(191): warning C4305: 'argument': truncation from 'double' to 'float'
c:\users\ed\documents\github\ray-tracing\main.cpp(201): warning C4305: 'argument': truncation from 'double' to 'float'
c:\users\ed\documents\github\ray-tracing\main.cpp(202): warning C4305: 'argument': truncation from 'double' to 'float'
c:\users\ed\documents\github\ray-tracing\main.cpp(211): warning C4305: 'argument': truncation from 'double' to 'float'
c:\users\ed\documents\github\ray-tracing\main.cpp(212): warning C4305: 'argument': truncation from 'double' to 'float'
c:\users\ed\documents\github\ray-tracing\main.cpp(221): warning C4244: 'initializing': conversion from 'double' to 'float', possible loss of data
c:\users\ed\documents\github\ray-tracing\main.cpp(237): warning C4305: 'argument': truncation from 'double' to 'float'
c:\users\ed\documents\github\ray-tracing\main.cpp(239): warning C4305: 'argument': truncation from 'double' to 'float'
c:\users\ed\documents\github\ray-tracing\main.cpp(242): warning C4305: 'argument': truncation from 'double' to 'float'
c:\users\ed\documents\github\ray-tracing\main.cpp(244): warning C4305: 'argument': truncation from 'double' to 'float'
c:\users\ed\documents\github\ray-tracing\main.cpp(249): warning C4305: 'argument': truncation from 'double' to 'float'
c:\users\ed\documents\github\ray-tracing\main.cpp(264): warning C4305: 'argument': truncation from 'double' to 'float'
c:\users\ed\documents\github\ray-tracing\main.cpp(265): warning C4305: 'argument': truncation from 'double' to 'float'
c:\users\ed\documents\github\ray-tracing\main.cpp(266): warning C4305: 'argument': truncation from 'double' to 'float'
c:\users\ed\documents\github\ray-tracing\main.cpp(268): warning C4305: 'argument': truncation from 'double' to 'float'
c:\users\ed\documents\github\ray-tracing\main.cpp(277): warning C4244: 'initializing': conversion from 'double' to 'float', possible loss of data
c:\users\ed\documents\github\ray-tracing\main.cpp(303): warning C4305: 'argument': truncation from 'double' to 'float'
c:\users\ed\documents\github\ray-tracing\main.cpp(307): warning C4305: 'argument': truncation from 'double' to 'float'
c:\users\ed\documents\github\ray-tracing\main.cpp(316): warning C4305: 'argument': truncation from 'double' to 'float'
c:\users\ed\documents\github\ray-tracing\main.cpp(321): warning C4305: 'argument': truncation from 'double' to 'float'
c:\users\ed\documents\github\ray-tracing\main.cpp(322): warning C4305: 'argument': truncation from 'double' to 'float'
c:\users\ed\documents\github\ray-tracing\main.cpp(323): warning C4305: 'argument': truncation from 'double' to 'float'
c:\users\ed\documents\github\ray-tracing\main.cpp(346): warning C4305: 'argument': truncation from 'double' to 'float'
c:\users\ed\documents\github\ray-tracing\main.cpp(353): warning C4305: 'argument': truncation from 'double' to 'float'
c:\users\ed\documents\github\ray-tracing\main.cpp(354): warning C4305: 'argument': truncation from 'double' to 'float'
c:\users\ed\documents\github\ray-tracing\main.cpp(355): warning C4305: 'argument': truncation from 'double' to 'float'
c:\users\ed\documents\github\ray-tracing\main.cpp(365): warning C4305: 'argument': truncation from 'double' to 'float'
c:\users\ed\documents\github\ray-tracing\main.cpp(373): warning C4305: 'argument': truncation from 'double' to 'float'
c:\users\ed\documents\github\ray-tracing\main.cpp(404): warning C4244: 'argument': conversion from 'int' to 'float', possible loss of data
c:\users\ed\documents\github\ray-tracing\main.cpp(408): warning C4244: 'argument': conversion from 'time_t' to 'unsigned int', possible loss of data
c:\users\ed\documents\github\ray-tracing\main.cpp(426): warning C4305: 'initializing': truncation from 'double' to 'float'
c:\users\ed\documents\github\ray-tracing\main.cpp(485): warning C4267: 'argument': conversion from 'size_t' to 'int', possible loss of data
  Generating code
c:\users\ed\documents\github\ray-tracing\texture.h(61): warning C4715: 'noise_texture::value': not all control paths return a value
  1333 of 1347 functions (99.0%) were compiled, the rest were copied from previous compilation.
    92 functions were new in current compilation
    3 functions had inline decision re-evaluated but remain unchanged
  Finished generating code
  Project9.vcxproj -> C:\Users\Ed\Documents\GitHub\Ray-tracing\x64\Release\Ray-tracer.exe
